#-----------------------------------------------------------
# Vivado v2018.3 (64-bit)
# SW Build 2405991 on Thu Dec  6 23:38:27 MST 2018
# IP Build 2404404 on Fri Dec  7 01:43:56 MST 2018
# Start of session at: Mon Oct  9 15:00:12 2023
# Process ID: 17984
# Current directory: C:/Users/leonf/OneDrive/Documents/processor/project
# Command line: vivado.exe -gui_launcher_event rodinguilauncherevent29748 C:\Users\leonf\OneDrive\Documents\processor\project\project.xpr
# Log file: C:/Users/leonf/OneDrive/Documents/processor/project/vivado.log
# Journal file: C:/Users/leonf/OneDrive/Documents/processor/project\vivado.jou
#-----------------------------------------------------------
start_gui
open_project C:/Users/leonf/OneDrive/Documents/processor/project/project.xpr
Scanning sources...
Finished scanning sources
INFO: [IP_Flow 19-234] Refreshing IP repositories
INFO: [IP_Flow 19-1704] No user IP repositories specified
INFO: [IP_Flow 19-2313] Loaded Vivado IP repository 'C:/Xilinx/Vivado/2018.3/data/ip'.
open_project: Time (s): cpu = 00:00:14 ; elapsed = 00:00:11 . Memory (MB): peak = 765.355 ; gain = 168.340
update_compile_order -fileset sources_1
exit
INFO: [Common 17-206] Exiting Vivado at Mon Oct  9 15:05:05 2023...
